<testExecutions version="1">
<file path="app.controller.spec.ts">
<testCase name="AppController root should be defined" duration="33" />
</file>
<file path="prisma\prisma.module.spec.ts">
<testCase name="PrismaModule should be defined" duration="60" />
<testCase name="PrismaModule should provide PrismaService" duration="7" />
</file>
<file path="user\user.service.spec.ts">
<testCase name="UserService should be defined" duration="29" />
<testCase name="UserService create should create a new user with hashed password" duration="6" />
<testCase name="UserService create should throw an error if user creation fails" duration="28" />
<testCase name="UserService create should throw an error if password hashing fails" duration="4" />
<testCase name="UserService findByUsername should return user when found by username" duration="6" />
<testCase name="UserService findByUsername should return null when user not found by username" duration="4" />
<testCase name="UserService findByUsername should throw an error if database query fails" duration="3" />
<testCase name="UserService findByEmail should return user when found by email" duration="8" />
<testCase name="UserService findByEmail should return null when user not found by email" duration="5" />
<testCase name="UserService findByEmail should throw an error if database query fails" duration="3" />
<testCase name="UserService findById should return user when found by id" duration="5" />
<testCase name="UserService findById should return null when user not found by id" duration="2" />
<testCase name="UserService findById should throw an error if database query fails" duration="2" />
</file>
<file path="auth\auth.service.spec.ts">
<testCase name="AuthService register should successfully register a new user" duration="64" />
<testCase name="AuthService register should throw ConflictException when username already exists" duration="39" />
<testCase name="AuthService register should throw ConflictException when email already exists" duration="6" />
<testCase name="AuthService register should handle errors during user creation" duration="9" />
<testCase name="AuthService register should handle errors during JWT signing" duration="5" />
<testCase name="AuthService register should handle errors during username check" duration="6" />
<testCase name="AuthService register should handle errors during email check" duration="4" />
<testCase name="AuthService validateUser should successfully validate user with correct credentials" duration="4" />
<testCase name="AuthService validateUser should throw UnauthorizedException when user does not exist" duration="5" />
<testCase name="AuthService validateUser should throw UnauthorizedException when password is incorrect" duration="9" />
<testCase name="AuthService validateUser should handle errors during user lookup" duration="6" />
<testCase name="AuthService validateUser should handle errors during password comparison" duration="4" />
<testCase name="AuthService validateUser should validate user with empty password field" duration="3" />
<testCase name="AuthService login should successfully generate login response" duration="2" />
<testCase name="AuthService login should handle errors during JWT signing in login" duration="3" />
<testCase name="AuthService login should work with user object containing extra properties" duration="2" />
<testCase name="AuthService login should handle user with null or undefined properties" duration="5" />
<testCase name="AuthService login should handle minimal user object" duration="7" />
<testCase name="AuthService service initialization should be defined" duration="2" />
<testCase name="AuthService service initialization should have userService dependency" duration="2" />
<testCase name="AuthService service initialization should have jwtService dependency" duration="2" />
</file>
<file path="auth\auth.controller.spec.ts">
<testCase name="AuthController register should register a new user" duration="64" />
<testCase name="AuthController register should throw error if registration fails" duration="28" />
<testCase name="AuthController login should login user and return JWT token" duration="9" />
<testCase name="AuthController login should throw error if login fails" duration="3" />
<testCase name="AuthController getProfile should return user profile" duration="7" />
<testCase name="AuthController verifyToken should verify token and return user data" duration="3" />
</file>
<file path="prisma\prisma.service.spec.ts">
<testCase name="PrismaService should be defined" duration="13" />
<testCase name="PrismaService should have &#x24;connect and &#x24;disconnect methods" duration="2" />
<testCase name="PrismaService should call &#x24;connect on onModuleInit" duration="2" />
<testCase name="PrismaService should call &#x24;disconnect on onModuleDestroy" duration="2" />
</file>
<file path="user\user.module.spec.ts">
<testCase name="UserModule should be defined" duration="18" />
<testCase name="UserModule should provide UserService" duration="8" />
</file>
<file path="user\user.controller.spec.ts">
<testCase name="UserController getMyProfile should return user profile without password if user exists" duration="12" />
<testCase name="UserController getMyProfile should return message if user not found" duration="2" />
<testCase name="UserController getProtectedData should return protected data with user and timestamp" duration="4" />
</file>
<file path="auth\strategies\jwt.strategy.spec.ts">
<testCase name="JwtStrategy validate should return user data without password when user exists" duration="33" />
<testCase name="JwtStrategy validate should return null when user does not exist" duration="9" />
<testCase name="JwtStrategy validate should handle errors from userService" duration="10" />
</file>
<file path="auth\auth.module.spec.ts">
<testCase name="AuthModule Module Configuration should be defined" duration="41" />
<testCase name="AuthModule Module Configuration should have AuthController" duration="9" />
<testCase name="AuthModule Module Configuration should have AuthService" duration="3" />
<testCase name="AuthModule Module Configuration should have JwtService" duration="4" />
<testCase name="AuthModule Module Configuration should have JwtStrategy" duration="6" />
<testCase name="AuthModule Module Configuration should have JwtAuthGuard" duration="3" />
<testCase name="AuthModule Module Configuration should have ConfigService" duration="3" />
<testCase name="AuthModule JWT Configuration should configure JWT with correct secret from ConfigService" duration="3" />
<testCase name="AuthModule JWT Configuration should configure JWT with correct expiration from ConfigService" duration="5" />
<testCase name="AuthModule JWT Configuration should use default expiration when not provided" duration="8" />
<testCase name="AuthModule Module Dependencies should configure JwtModule with async registration" duration="2" />
<testCase name="AuthModule Module Dependencies should have PassportModule configured" duration="7" />
<testCase name="AuthModule Exports should export AuthService" duration="2" />
<testCase name="AuthModule Exports should export JwtAuthGuard" duration="2" />
<testCase name="AuthModule Integration Tests should create module with all dependencies resolved" duration="5" />
<testCase name="AuthModule Integration Tests should handle missing JWT_SECRET gracefully" duration="5" />
<testCase name="AuthModule Error Handling should handle ConfigService errors gracefully" duration="4" />
</file>
</testExecutions>