<testExecutions version="1">
<file path="equipamentos\dto\create-equipamento.dto.spec.ts">
<testCase name="CreateEquipamentoDto should be valid with required fields" duration="38" />
<testCase name="CreateEquipamentoDto should be invalid without required fields" duration="2" />
<testCase name="CreateEquipamentoDto should be invalid with empty nome" duration="2" />
<testCase name="CreateEquipamentoDto should be invalid with nome too short" duration="4" />
<testCase name="CreateEquipamentoDto should be invalid with nome too long" duration="12" />
<testCase name="CreateEquipamentoDto should be invalid with invalid statusOperacional" duration="3" />
<testCase name="CreateEquipamentoDto should be invalid with negative valorAquisicao" duration="1" />
<testCase name="CreateEquipamentoDto should be invalid with negative vidaUtilEstimativa" duration="1" />
<testCase name="CreateEquipamentoDto should be invalid with invalid UUID userId" duration="4" />
<testCase name="CreateEquipamentoDto should be valid with valid UUID userId" duration="2" />
<testCase name="CreateEquipamentoDto fabricante validation should be valid with valid fabricante" duration="1" />
<testCase name="CreateEquipamentoDto fabricante validation should be invalid with empty fabricante" duration="1" />
<testCase name="CreateEquipamentoDto fabricante validation should be invalid with fabricante too short" duration="1" />
<testCase name="CreateEquipamentoDto fabricante validation should be invalid with fabricante too long" duration="0" />
<testCase name="UpdateStatusDto should be valid with valid statusOperacional" duration="0" />
<testCase name="UpdateStatusDto should be invalid without statusOperacional" duration="1" />
<testCase name="UpdateStatusDto should be invalid with invalid statusOperacional" duration="1" />
<testCase name="UpdateStatusDto should be valid with all status values" duration="1" />
<testCase name="FilterEquipamentoDto should be valid with all optional fields" duration="3" />
<testCase name="FilterEquipamentoDto should be valid with empty dto" duration="1" />
<testCase name="FilterEquipamentoDto should be invalid with negative page" duration="1" />
<testCase name="FilterEquipamentoDto should be invalid with zero page" duration="1" />
<testCase name="FilterEquipamentoDto should be invalid with negative limit" duration="1" />
<testCase name="FilterEquipamentoDto should be invalid with zero limit" duration="0" />
<testCase name="FilterEquipamentoDto should be invalid with invalid statusOperacional" duration="0" />
</file>
<file path="auth\dto\user-register.dto.spec.ts">
<testCase name="UserRegisterDto should be defined" duration="17" />
<testCase name="UserRegisterDto should extend BaseUserDto" duration="3" />
<testCase name="UserRegisterDto validation should pass validation with valid data" duration="25" />
<testCase name="UserRegisterDto validation should fail validation with invalid email" duration="2" />
<testCase name="UserRegisterDto validation should fail validation with short password" duration="8" />
</file>
<file path="user\user.module.spec.ts">
<testCase name="UserModule should be defined" duration="68" />
<testCase name="UserModule should provide UserService" duration="29" />
</file>
<file path="equipamentos\equipamentos.controller.spec.ts">
<testCase name="EquipamentosController should be defined" duration="39" />
<testCase name="EquipamentosController create should create an equipamento" duration="17" />
<testCase name="EquipamentosController create should throw BadRequestException when user not found" duration="44" />
<testCase name="EquipamentosController findAll should return paginated equipamentos" duration="6" />
<testCase name="EquipamentosController findAll should return equipamentos without filters" duration="7" />
<testCase name="EquipamentosController findOne should return equipamento by id" duration="5" />
<testCase name="EquipamentosController findOne should throw NotFoundException when equipamento not found" duration="6" />
<testCase name="EquipamentosController update should update equipamento" duration="5" />
<testCase name="EquipamentosController update should throw NotFoundException when equipamento not found" duration="8" />
<testCase name="EquipamentosController updateStatus should update equipamento status" duration="7" />
<testCase name="EquipamentosController updateStatus should throw NotFoundException when equipamento not found" duration="6" />
<testCase name="EquipamentosController remove should remove equipamento" duration="4" />
<testCase name="EquipamentosController remove should throw NotFoundException when equipamento not found" duration="4" />
</file>
<file path="auth\strategies\jwt.strategy.spec.ts">
<testCase name="JwtStrategy validate should return user data without password when user exists" duration="50" />
<testCase name="JwtStrategy validate should return null when user does not exist" duration="5" />
<testCase name="JwtStrategy validate should handle errors from userService" duration="44" />
</file>
<file path="auth\auth.module.spec.ts">
<testCase name="AuthModule Module Configuration should be defined" duration="73" />
<testCase name="AuthModule Module Configuration should have AuthController" duration="27" />
<testCase name="AuthModule Module Configuration should have AuthService" duration="15" />
<testCase name="AuthModule Module Configuration should have JwtService" duration="14" />
<testCase name="AuthModule Module Configuration should have JwtStrategy" duration="9" />
<testCase name="AuthModule Module Configuration should have JwtAuthGuard" duration="7" />
<testCase name="AuthModule Module Configuration should have ConfigService" duration="9" />
<testCase name="AuthModule JWT Configuration should configure JWT with correct secret from ConfigService" duration="8" />
<testCase name="AuthModule JWT Configuration should configure JWT with correct expiration from ConfigService" duration="19" />
<testCase name="AuthModule JWT Configuration should use default expiration when not provided" duration="19" />
<testCase name="AuthModule Module Dependencies should configure JwtModule with async registration" duration="17" />
<testCase name="AuthModule Module Dependencies should have PassportModule configured" duration="34" />
<testCase name="AuthModule Exports should export AuthService" duration="14" />
<testCase name="AuthModule Exports should export JwtAuthGuard" duration="9" />
<testCase name="AuthModule Integration Tests should create module with all dependencies resolved" duration="89" />
<testCase name="AuthModule Integration Tests should handle missing JWT_SECRET gracefully" duration="27" />
<testCase name="AuthModule Error Handling should handle ConfigService errors gracefully" duration="11" />
</file>
<file path="auth\auth.controller.spec.ts">
<testCase name="AuthController register should register a new user" duration="45" />
<testCase name="AuthController register should throw error if registration fails" duration="28" />
<testCase name="AuthController login should login user and return JWT token" duration="9" />
<testCase name="AuthController login should throw error if login fails" duration="14" />
<testCase name="AuthController getProfile should return user profile" duration="6" />
<testCase name="AuthController verifyToken should verify token and return user data" duration="3" />
</file>
<file path="user\dto\find-user.dto.spec.ts">
<testCase name="FindUserDto should be defined" duration="1" />
<testCase name="FindUserDto should have username property" duration="1" />
<testCase name="FindUserDto validation should pass validation with valid username" duration="3" />
<testCase name="FindUserDto validation should fail validation with empty username" duration="1" />
<testCase name="FindUserDto validation should fail validation with username too short" duration="0" />
<testCase name="FindUserDto validation should fail validation with username too long" duration="1" />
<testCase name="FindUserDto validation should fail validation with non-string username" duration="0" />
</file>
<file path="equipamentos\equipamentos.module.spec.ts">
<testCase name="EquipamentosModule should be defined" duration="80" />
<testCase name="EquipamentosModule should provide EquipamentosController" duration="7" />
<testCase name="EquipamentosModule should provide EquipamentosService" duration="5" />
</file>
<file path="auth\auth.service.spec.ts">
<testCase name="AuthService register should successfully register a new user" duration="13" />
<testCase name="AuthService register should throw ConflictException when username already exists" duration="49" />
<testCase name="AuthService register should throw ConflictException when email already exists" duration="5" />
<testCase name="AuthService register should handle errors during user creation" duration="6" />
<testCase name="AuthService register should handle errors during JWT signing" duration="6" />
<testCase name="AuthService register should handle errors during username check" duration="5" />
<testCase name="AuthService register should handle errors during email check" duration="3" />
<testCase name="AuthService validateUser should successfully validate user with correct credentials" duration="4" />
<testCase name="AuthService validateUser should throw UnauthorizedException when user does not exist" duration="5" />
<testCase name="AuthService validateUser should throw UnauthorizedException when password is incorrect" duration="4" />
<testCase name="AuthService validateUser should handle errors during user lookup" duration="5" />
<testCase name="AuthService validateUser should handle errors during password comparison" duration="5" />
<testCase name="AuthService validateUser should validate user with empty password field" duration="4" />
<testCase name="AuthService login should successfully generate login response" duration="3" />
<testCase name="AuthService login should handle errors during JWT signing in login" duration="4" />
<testCase name="AuthService login should work with user object containing extra properties" duration="2" />
<testCase name="AuthService login should handle user with null or undefined properties" duration="3" />
<testCase name="AuthService login should handle minimal user object" duration="3" />
<testCase name="AuthService service initialization should be defined" duration="7" />
<testCase name="AuthService service initialization should have userService dependency" duration="3" />
<testCase name="AuthService service initialization should have jwtService dependency" duration="2" />
</file>
<file path="user\user.controller.spec.ts">
<testCase name="UserController getMyProfile should return user profile without password if user exists" duration="12" />
<testCase name="UserController getMyProfile should return message if user not found" duration="5" />
<testCase name="UserController getProtectedData should return protected data with user and timestamp" duration="7" />
</file>
<file path="user\entities\user.entity.spec.ts">
<testCase name="User should be defined" duration="1" />
<testCase name="User should have all required properties" duration="2" />
<testCase name="User should handle different user types" duration="1" />
</file>
<file path="user\user.service.spec.ts">
<testCase name="UserService should be defined" duration="9" />
<testCase name="UserService create should create a new user with hashed password" duration="5" />
<testCase name="UserService create should throw ConflictException if username already exists" duration="103" />
<testCase name="UserService create should throw ConflictException if email already exists" duration="5" />
<testCase name="UserService create should use default tipo if not provided" duration="3" />
<testCase name="UserService create should throw an error if user creation fails" duration="6" />
<testCase name="UserService create should throw an error if password hashing fails" duration="5" />
<testCase name="UserService findByUsername should return user when found by username" duration="4" />
<testCase name="UserService findByUsername should return null when user not found by username" duration="3" />
<testCase name="UserService findByUsername should throw an error if database query fails" duration="3" />
<testCase name="UserService findByEmail should return user when found by email" duration="2" />
<testCase name="UserService findByEmail should return null when user not found by email" duration="31" />
<testCase name="UserService findByEmail should throw an error if database query fails" duration="12" />
<testCase name="UserService findById should return user when found by id" duration="3" />
<testCase name="UserService findById should return null when user not found by id" duration="5" />
<testCase name="UserService findById should throw an error if database query fails" duration="4" />
<testCase name="UserService findAll should return all users without password" duration="4" />
<testCase name="UserService findAll should return empty array when no users exist" duration="21" />
<testCase name="UserService findAll should throw an error if database query fails" duration="4" />
<testCase name="UserService findOne should return user when found by id" duration="4" />
<testCase name="UserService findOne should throw NotFoundException when user not found" duration="3" />
<testCase name="UserService findOne should throw an error if database query fails" duration="5" />
<testCase name="UserService update should update user successfully" duration="7" />
<testCase name="UserService update should throw NotFoundException when user not found" duration="3" />
<testCase name="UserService update should throw ConflictException when username already exists" duration="3" />
<testCase name="UserService update should throw ConflictException when email already exists" duration="6" />
<testCase name="UserService update should not check username/email if they are not being changed" duration="4" />
<testCase name="UserService update should not hash password if not provided" duration="3" />
<testCase name="UserService remove should remove user successfully" duration="16" />
<testCase name="UserService remove should throw NotFoundException when user not found" duration="3" />
<testCase name="UserService remove should throw an error if database query fails" duration="5" />
</file>
<file path="prisma\prisma.module.spec.ts">
<testCase name="PrismaModule should be defined" duration="24" />
<testCase name="PrismaModule should provide PrismaService" duration="8" />
</file>
<file path="prisma\prisma.service.spec.ts">
<testCase name="PrismaService should be defined" duration="15" />
<testCase name="PrismaService should have &#x24;connect and &#x24;disconnect methods" duration="5" />
<testCase name="PrismaService should call &#x24;connect on onModuleInit" duration="4" />
<testCase name="PrismaService should call &#x24;disconnect on onModuleDestroy" duration="4" />
</file>
<file path="app.controller.spec.ts">
<testCase name="AppController root should be defined" duration="7" />
</file>
<file path="equipamentos\equipamentos.service.spec.ts">
<testCase name="EquipamentosService should be defined" duration="25" />
<testCase name="EquipamentosService create should create an equipamento successfully" duration="4" />
<testCase name="EquipamentosService create should throw BadRequestException when user not found" duration="38" />
<testCase name="EquipamentosService create should create equipamento without userId" duration="3" />
<testCase name="EquipamentosService findAll should return paginated equipamentos" duration="4" />
<testCase name="EquipamentosService findAll should return equipamentos without filters" duration="3" />
<testCase name="EquipamentosService findOne should return equipamento by id" duration="3" />
<testCase name="EquipamentosService findOne should throw NotFoundException when equipamento not found" duration="4" />
<testCase name="EquipamentosService update should update equipamento successfully" duration="5" />
<testCase name="EquipamentosService update should update equipamento with optional fields" duration="10">
<failure message="Error"><![CDATA[Error: expect(received).toEqual(expected) // deep equality

- Expected  - 6
+ Received  + 0

@@ -17,15 +17,9 @@
    &quot;responsavelTecnico&quot;: &quot;Dr. Maria Silva&quot;,
    &quot;setorAtual&quot;: &quot;UTI&quot;,
    &quot;statusOperacional&quot;: &quot;EM_USO&quot;,
    &quot;tipo&quot;: &quot;Monitor de Sinais Vitais&quot;,
    &quot;updatedAt&quot;: 2024-01-15T10:30:00.000Z,
-   &quot;user&quot;: Object {
-     &quot;email&quot;: &quot;joao@exemplo.com&quot;,
-     &quot;id&quot;: &quot;987e6543-e21b-43d2-b456-426614174111&quot;,
-     &quot;nome&quot;: &quot;Jo&#xe3;o Silva&quot;,
-     &quot;username&quot;: &quot;joao.silva&quot;,
-   },
    &quot;userId&quot;: &quot;987e6543-e21b-43d2-b456-426614174111&quot;,
    &quot;valorAquisicao&quot;: 15000,
    &quot;vidaUtilEstimativa&quot;: 10,
  }
    at Object.&lt;anonymous&gt; (C:\Users\I\Documents\projects\integrador\medinventory-api\src\equipamentos\equipamentos.service.spec.ts:426:22)
    at processTicksAndRejections (node:internal/process/task_queues:105:5)]]></failure>
</testCase>
<testCase name="EquipamentosService update should throw NotFoundException when equipamento not found" duration="3" />
<testCase name="EquipamentosService update should throw BadRequestException when user not found" duration="2" />
<testCase name="EquipamentosService updateStatus should update status successfully" duration="1" />
<testCase name="EquipamentosService updateStatus should throw NotFoundException when equipamento not found" duration="2" />
<testCase name="EquipamentosService remove should remove equipamento successfully" duration="1" />
<testCase name="EquipamentosService remove should throw NotFoundException when equipamento not found" duration="1" />
</file>
</testExecutions>